<?xml version="1.0" encoding="UTF-8"?>
<testsuite xmlns:xsi="http://www.w3.org/2001/XMLSchema-instance" xsi:noNamespaceSchemaLocation="https://maven.apache.org/surefire/maven-surefire-plugin/xsd/surefire-test-report.xsd" name="com.imooc.pan.schedule.test.ScheduleTashTest" time="22.325" tests="1" errors="0" skipped="0" failures="0">
  <properties>
    <property name="sun.desktop" value="windows"/>
    <property name="awt.toolkit" value="sun.awt.windows.WToolkit"/>
    <property name="file.encoding.pkg" value="sun.io"/>
    <property name="java.specification.version" value="1.8"/>
    <property name="sun.cpu.isalist" value="amd64"/>
    <property name="sun.jnu.encoding" value="GBK"/>
    <property name="java.class.path" value="D:\develop\idea_workspace\r-pan\framework\schedule\target\test-classes;D:\develop\idea_workspace\r-pan\framework\schedule\target\classes;D:\develop\idea_workspace\r-pan\framework\core\target\r-pan-core-1.0.jar;D:\develop\tools\apache-maven-3.9.6\repository\com\fasterxml\jackson\core\jackson-annotations\2.9.8\jackson-annotations-2.9.8.jar;D:\develop\tools\apache-maven-3.9.6\repository\com\google\guava\guava\20.0\guava-20.0.jar;D:\develop\tools\apache-maven-3.9.6\repository\org\apache\commons\commons-lang3\3.5\commons-lang3-3.5.jar;D:\develop\tools\apache-maven-3.9.6\repository\commons-collections\commons-collections\3.2.1\commons-collections-3.2.1.jar;D:\develop\tools\apache-maven-3.9.6\repository\commons-io\commons-io\2.4\commons-io-2.4.jar;D:\develop\tools\apache-maven-3.9.6\repository\com\alibaba\fastjson\1.2.56\fastjson-1.2.56.jar;D:\develop\tools\apache-maven-3.9.6\repository\io\jsonwebtoken\jjwt\0.7.0\jjwt-0.7.0.jar;D:\develop\tools\apache-maven-3.9.6\repository\com\fasterxml\jackson\core\jackson-databind\2.9.8\jackson-databind-2.9.8.jar;D:\develop\tools\apache-maven-3.9.6\repository\com\fasterxml\jackson\core\jackson-core\2.9.8\jackson-core-2.9.8.jar;D:\develop\tools\apache-maven-3.9.6\repository\cn\hutool\hutool-core\4.5.18\hutool-core-4.5.18.jar;D:\develop\tools\apache-maven-3.9.6\repository\org\springframework\boot\spring-boot-starter\2.1.9.RELEASE\spring-boot-starter-2.1.9.RELEASE.jar;D:\develop\tools\apache-maven-3.9.6\repository\org\springframework\boot\spring-boot\2.1.9.RELEASE\spring-boot-2.1.9.RELEASE.jar;D:\develop\tools\apache-maven-3.9.6\repository\org\springframework\spring-context\5.1.10.RELEASE\spring-context-5.1.10.RELEASE.jar;D:\develop\tools\apache-maven-3.9.6\repository\org\springframework\spring-aop\5.1.10.RELEASE\spring-aop-5.1.10.RELEASE.jar;D:\develop\tools\apache-maven-3.9.6\repository\org\springframework\spring-beans\5.1.10.RELEASE\spring-beans-5.1.10.RELEASE.jar;D:\develop\tools\apache-maven-3.9.6\repository\org\springframework\spring-expression\5.1.10.RELEASE\spring-expression-5.1.10.RELEASE.jar;D:\develop\tools\apache-maven-3.9.6\repository\org\springframework\boot\spring-boot-autoconfigure\2.1.9.RELEASE\spring-boot-autoconfigure-2.1.9.RELEASE.jar;D:\develop\tools\apache-maven-3.9.6\repository\org\springframework\boot\spring-boot-starter-logging\2.1.9.RELEASE\spring-boot-starter-logging-2.1.9.RELEASE.jar;D:\develop\tools\apache-maven-3.9.6\repository\ch\qos\logback\logback-classic\1.2.3\logback-classic-1.2.3.jar;D:\develop\tools\apache-maven-3.9.6\repository\ch\qos\logback\logback-core\1.2.3\logback-core-1.2.3.jar;D:\develop\tools\apache-maven-3.9.6\repository\org\apache\logging\log4j\log4j-to-slf4j\2.11.2\log4j-to-slf4j-2.11.2.jar;D:\develop\tools\apache-maven-3.9.6\repository\org\apache\logging\log4j\log4j-api\2.11.2\log4j-api-2.11.2.jar;D:\develop\tools\apache-maven-3.9.6\repository\org\slf4j\jul-to-slf4j\1.7.28\jul-to-slf4j-1.7.28.jar;D:\develop\tools\apache-maven-3.9.6\repository\javax\annotation\javax.annotation-api\1.3.2\javax.annotation-api-1.3.2.jar;D:\develop\tools\apache-maven-3.9.6\repository\org\springframework\spring-core\5.1.10.RELEASE\spring-core-5.1.10.RELEASE.jar;D:\develop\tools\apache-maven-3.9.6\repository\org\springframework\spring-jcl\5.1.10.RELEASE\spring-jcl-5.1.10.RELEASE.jar;D:\develop\tools\apache-maven-3.9.6\repository\org\yaml\snakeyaml\1.23\snakeyaml-1.23.jar;D:\develop\tools\apache-maven-3.9.6\repository\org\springframework\boot\spring-boot-starter-test\2.1.9.RELEASE\spring-boot-starter-test-2.1.9.RELEASE.jar;D:\develop\tools\apache-maven-3.9.6\repository\org\springframework\boot\spring-boot-test\2.1.9.RELEASE\spring-boot-test-2.1.9.RELEASE.jar;D:\develop\tools\apache-maven-3.9.6\repository\org\springframework\boot\spring-boot-test-autoconfigure\2.1.9.RELEASE\spring-boot-test-autoconfigure-2.1.9.RELEASE.jar;D:\develop\tools\apache-maven-3.9.6\repository\com\jayway\jsonpath\json-path\2.4.0\json-path-2.4.0.jar;D:\develop\tools\apache-maven-3.9.6\repository\net\minidev\json-smart\2.3\json-smart-2.3.jar;D:\develop\tools\apache-maven-3.9.6\repository\net\minidev\accessors-smart\1.2\accessors-smart-1.2.jar;D:\develop\tools\apache-maven-3.9.6\repository\org\ow2\asm\asm\5.0.4\asm-5.0.4.jar;D:\develop\tools\apache-maven-3.9.6\repository\org\slf4j\slf4j-api\1.7.28\slf4j-api-1.7.28.jar;D:\develop\tools\apache-maven-3.9.6\repository\junit\junit\4.12\junit-4.12.jar;D:\develop\tools\apache-maven-3.9.6\repository\org\assertj\assertj-core\3.11.1\assertj-core-3.11.1.jar;D:\develop\tools\apache-maven-3.9.6\repository\org\mockito\mockito-core\2.23.4\mockito-core-2.23.4.jar;D:\develop\tools\apache-maven-3.9.6\repository\net\bytebuddy\byte-buddy\1.9.16\byte-buddy-1.9.16.jar;D:\develop\tools\apache-maven-3.9.6\repository\net\bytebuddy\byte-buddy-agent\1.9.16\byte-buddy-agent-1.9.16.jar;D:\develop\tools\apache-maven-3.9.6\repository\org\objenesis\objenesis\2.6\objenesis-2.6.jar;D:\develop\tools\apache-maven-3.9.6\repository\org\hamcrest\hamcrest-core\1.3\hamcrest-core-1.3.jar;D:\develop\tools\apache-maven-3.9.6\repository\org\hamcrest\hamcrest-library\1.3\hamcrest-library-1.3.jar;D:\develop\tools\apache-maven-3.9.6\repository\org\skyscreamer\jsonassert\1.5.0\jsonassert-1.5.0.jar;D:\develop\tools\apache-maven-3.9.6\repository\com\vaadin\external\google\android-json\0.0.20131108.vaadin1\android-json-0.0.20131108.vaadin1.jar;D:\develop\tools\apache-maven-3.9.6\repository\org\springframework\spring-test\5.1.10.RELEASE\spring-test-5.1.10.RELEASE.jar;D:\develop\tools\apache-maven-3.9.6\repository\org\xmlunit\xmlunit-core\2.6.3\xmlunit-core-2.6.3.jar;D:\develop\tools\apache-maven-3.9.6\repository\org\projectlombok\lombok\1.18.20\lombok-1.18.20.jar;D:\develop\tools\apache-maven-3.9.6\repository\org\springframework\boot\spring-boot-starter-actuator\2.1.9.RELEASE\spring-boot-starter-actuator-2.1.9.RELEASE.jar;D:\develop\tools\apache-maven-3.9.6\repository\org\springframework\boot\spring-boot-actuator-autoconfigure\2.1.9.RELEASE\spring-boot-actuator-autoconfigure-2.1.9.RELEASE.jar;D:\develop\tools\apache-maven-3.9.6\repository\org\springframework\boot\spring-boot-actuator\2.1.9.RELEASE\spring-boot-actuator-2.1.9.RELEASE.jar;D:\develop\tools\apache-maven-3.9.6\repository\com\fasterxml\jackson\datatype\jackson-datatype-jsr310\2.9.8\jackson-datatype-jsr310-2.9.8.jar;D:\develop\tools\apache-maven-3.9.6\repository\io\micrometer\micrometer-core\1.1.7\micrometer-core-1.1.7.jar;D:\develop\tools\apache-maven-3.9.6\repository\org\hdrhistogram\HdrHistogram\2.1.9\HdrHistogram-2.1.9.jar;D:\develop\tools\apache-maven-3.9.6\repository\org\latencyutils\LatencyUtils\2.0.3\LatencyUtils-2.0.3.jar;D:\develop\tools\apache-maven-3.9.6\repository\org\mapstruct\mapstruct\1.5.2.Final\mapstruct-1.5.2.Final.jar;"/>
    <property name="java.vm.vendor" value="Oracle Corporation"/>
    <property name="sun.arch.data.model" value="64"/>
    <property name="user.variant" value=""/>
    <property name="java.vendor.url" value="http://java.oracle.com/"/>
    <property name="user.timezone" value="Asia/Shanghai"/>
    <property name="java.vm.specification.version" value="1.8"/>
    <property name="os.name" value="Windows 10"/>
    <property name="user.country" value="CN"/>
    <property name="sun.java.launcher" value="SUN_STANDARD"/>
    <property name="sun.boot.library.path" value="D:\develop\tools\Java\jdk1.8.0_131\jre\bin"/>
    <property name="sun.java.command" value="C:\Users\20466\AppData\Local\Temp\surefire1479878802064003742\surefirebooter4642130123098871207.jar C:\Users\20466\AppData\Local\Temp\surefire1479878802064003742 2024-08-05T01-38-55_040-jvmRun1 surefire5333064698987762976tmp surefire_03995926010840297176tmp"/>
    <property name="surefire.test.class.path" value="D:\develop\idea_workspace\r-pan\framework\schedule\target\test-classes;D:\develop\idea_workspace\r-pan\framework\schedule\target\classes;D:\develop\idea_workspace\r-pan\framework\core\target\r-pan-core-1.0.jar;D:\develop\tools\apache-maven-3.9.6\repository\com\fasterxml\jackson\core\jackson-annotations\2.9.8\jackson-annotations-2.9.8.jar;D:\develop\tools\apache-maven-3.9.6\repository\com\google\guava\guava\20.0\guava-20.0.jar;D:\develop\tools\apache-maven-3.9.6\repository\org\apache\commons\commons-lang3\3.5\commons-lang3-3.5.jar;D:\develop\tools\apache-maven-3.9.6\repository\commons-collections\commons-collections\3.2.1\commons-collections-3.2.1.jar;D:\develop\tools\apache-maven-3.9.6\repository\commons-io\commons-io\2.4\commons-io-2.4.jar;D:\develop\tools\apache-maven-3.9.6\repository\com\alibaba\fastjson\1.2.56\fastjson-1.2.56.jar;D:\develop\tools\apache-maven-3.9.6\repository\io\jsonwebtoken\jjwt\0.7.0\jjwt-0.7.0.jar;D:\develop\tools\apache-maven-3.9.6\repository\com\fasterxml\jackson\core\jackson-databind\2.9.8\jackson-databind-2.9.8.jar;D:\develop\tools\apache-maven-3.9.6\repository\com\fasterxml\jackson\core\jackson-core\2.9.8\jackson-core-2.9.8.jar;D:\develop\tools\apache-maven-3.9.6\repository\cn\hutool\hutool-core\4.5.18\hutool-core-4.5.18.jar;D:\develop\tools\apache-maven-3.9.6\repository\org\springframework\boot\spring-boot-starter\2.1.9.RELEASE\spring-boot-starter-2.1.9.RELEASE.jar;D:\develop\tools\apache-maven-3.9.6\repository\org\springframework\boot\spring-boot\2.1.9.RELEASE\spring-boot-2.1.9.RELEASE.jar;D:\develop\tools\apache-maven-3.9.6\repository\org\springframework\spring-context\5.1.10.RELEASE\spring-context-5.1.10.RELEASE.jar;D:\develop\tools\apache-maven-3.9.6\repository\org\springframework\spring-aop\5.1.10.RELEASE\spring-aop-5.1.10.RELEASE.jar;D:\develop\tools\apache-maven-3.9.6\repository\org\springframework\spring-beans\5.1.10.RELEASE\spring-beans-5.1.10.RELEASE.jar;D:\develop\tools\apache-maven-3.9.6\repository\org\springframework\spring-expression\5.1.10.RELEASE\spring-expression-5.1.10.RELEASE.jar;D:\develop\tools\apache-maven-3.9.6\repository\org\springframework\boot\spring-boot-autoconfigure\2.1.9.RELEASE\spring-boot-autoconfigure-2.1.9.RELEASE.jar;D:\develop\tools\apache-maven-3.9.6\repository\org\springframework\boot\spring-boot-starter-logging\2.1.9.RELEASE\spring-boot-starter-logging-2.1.9.RELEASE.jar;D:\develop\tools\apache-maven-3.9.6\repository\ch\qos\logback\logback-classic\1.2.3\logback-classic-1.2.3.jar;D:\develop\tools\apache-maven-3.9.6\repository\ch\qos\logback\logback-core\1.2.3\logback-core-1.2.3.jar;D:\develop\tools\apache-maven-3.9.6\repository\org\apache\logging\log4j\log4j-to-slf4j\2.11.2\log4j-to-slf4j-2.11.2.jar;D:\develop\tools\apache-maven-3.9.6\repository\org\apache\logging\log4j\log4j-api\2.11.2\log4j-api-2.11.2.jar;D:\develop\tools\apache-maven-3.9.6\repository\org\slf4j\jul-to-slf4j\1.7.28\jul-to-slf4j-1.7.28.jar;D:\develop\tools\apache-maven-3.9.6\repository\javax\annotation\javax.annotation-api\1.3.2\javax.annotation-api-1.3.2.jar;D:\develop\tools\apache-maven-3.9.6\repository\org\springframework\spring-core\5.1.10.RELEASE\spring-core-5.1.10.RELEASE.jar;D:\develop\tools\apache-maven-3.9.6\repository\org\springframework\spring-jcl\5.1.10.RELEASE\spring-jcl-5.1.10.RELEASE.jar;D:\develop\tools\apache-maven-3.9.6\repository\org\yaml\snakeyaml\1.23\snakeyaml-1.23.jar;D:\develop\tools\apache-maven-3.9.6\repository\org\springframework\boot\spring-boot-starter-test\2.1.9.RELEASE\spring-boot-starter-test-2.1.9.RELEASE.jar;D:\develop\tools\apache-maven-3.9.6\repository\org\springframework\boot\spring-boot-test\2.1.9.RELEASE\spring-boot-test-2.1.9.RELEASE.jar;D:\develop\tools\apache-maven-3.9.6\repository\org\springframework\boot\spring-boot-test-autoconfigure\2.1.9.RELEASE\spring-boot-test-autoconfigure-2.1.9.RELEASE.jar;D:\develop\tools\apache-maven-3.9.6\repository\com\jayway\jsonpath\json-path\2.4.0\json-path-2.4.0.jar;D:\develop\tools\apache-maven-3.9.6\repository\net\minidev\json-smart\2.3\json-smart-2.3.jar;D:\develop\tools\apache-maven-3.9.6\repository\net\minidev\accessors-smart\1.2\accessors-smart-1.2.jar;D:\develop\tools\apache-maven-3.9.6\repository\org\ow2\asm\asm\5.0.4\asm-5.0.4.jar;D:\develop\tools\apache-maven-3.9.6\repository\org\slf4j\slf4j-api\1.7.28\slf4j-api-1.7.28.jar;D:\develop\tools\apache-maven-3.9.6\repository\junit\junit\4.12\junit-4.12.jar;D:\develop\tools\apache-maven-3.9.6\repository\org\assertj\assertj-core\3.11.1\assertj-core-3.11.1.jar;D:\develop\tools\apache-maven-3.9.6\repository\org\mockito\mockito-core\2.23.4\mockito-core-2.23.4.jar;D:\develop\tools\apache-maven-3.9.6\repository\net\bytebuddy\byte-buddy\1.9.16\byte-buddy-1.9.16.jar;D:\develop\tools\apache-maven-3.9.6\repository\net\bytebuddy\byte-buddy-agent\1.9.16\byte-buddy-agent-1.9.16.jar;D:\develop\tools\apache-maven-3.9.6\repository\org\objenesis\objenesis\2.6\objenesis-2.6.jar;D:\develop\tools\apache-maven-3.9.6\repository\org\hamcrest\hamcrest-core\1.3\hamcrest-core-1.3.jar;D:\develop\tools\apache-maven-3.9.6\repository\org\hamcrest\hamcrest-library\1.3\hamcrest-library-1.3.jar;D:\develop\tools\apache-maven-3.9.6\repository\org\skyscreamer\jsonassert\1.5.0\jsonassert-1.5.0.jar;D:\develop\tools\apache-maven-3.9.6\repository\com\vaadin\external\google\android-json\0.0.20131108.vaadin1\android-json-0.0.20131108.vaadin1.jar;D:\develop\tools\apache-maven-3.9.6\repository\org\springframework\spring-test\5.1.10.RELEASE\spring-test-5.1.10.RELEASE.jar;D:\develop\tools\apache-maven-3.9.6\repository\org\xmlunit\xmlunit-core\2.6.3\xmlunit-core-2.6.3.jar;D:\develop\tools\apache-maven-3.9.6\repository\org\projectlombok\lombok\1.18.20\lombok-1.18.20.jar;D:\develop\tools\apache-maven-3.9.6\repository\org\springframework\boot\spring-boot-starter-actuator\2.1.9.RELEASE\spring-boot-starter-actuator-2.1.9.RELEASE.jar;D:\develop\tools\apache-maven-3.9.6\repository\org\springframework\boot\spring-boot-actuator-autoconfigure\2.1.9.RELEASE\spring-boot-actuator-autoconfigure-2.1.9.RELEASE.jar;D:\develop\tools\apache-maven-3.9.6\repository\org\springframework\boot\spring-boot-actuator\2.1.9.RELEASE\spring-boot-actuator-2.1.9.RELEASE.jar;D:\develop\tools\apache-maven-3.9.6\repository\com\fasterxml\jackson\datatype\jackson-datatype-jsr310\2.9.8\jackson-datatype-jsr310-2.9.8.jar;D:\develop\tools\apache-maven-3.9.6\repository\io\micrometer\micrometer-core\1.1.7\micrometer-core-1.1.7.jar;D:\develop\tools\apache-maven-3.9.6\repository\org\hdrhistogram\HdrHistogram\2.1.9\HdrHistogram-2.1.9.jar;D:\develop\tools\apache-maven-3.9.6\repository\org\latencyutils\LatencyUtils\2.0.3\LatencyUtils-2.0.3.jar;D:\develop\tools\apache-maven-3.9.6\repository\org\mapstruct\mapstruct\1.5.2.Final\mapstruct-1.5.2.Final.jar;"/>
    <property name="sun.cpu.endian" value="little"/>
    <property name="user.home" value="C:\Users\20466"/>
    <property name="user.language" value="zh"/>
    <property name="java.specification.vendor" value="Oracle Corporation"/>
    <property name="java.home" value="D:\develop\tools\Java\jdk1.8.0_131\jre"/>
    <property name="basedir" value="D:\develop\idea_workspace\r-pan\framework\schedule"/>
    <property name="file.separator" value="\"/>
    <property name="line.separator" value="&#10;"/>
    <property name="java.vm.specification.vendor" value="Oracle Corporation"/>
    <property name="java.specification.name" value="Java Platform API Specification"/>
    <property name="java.awt.graphicsenv" value="sun.awt.Win32GraphicsEnvironment"/>
    <property name="surefire.real.class.path" value="C:\Users\20466\AppData\Local\Temp\surefire1479878802064003742\surefirebooter4642130123098871207.jar"/>
    <property name="sun.boot.class.path" value="D:\develop\tools\Java\jdk1.8.0_131\jre\lib\resources.jar;D:\develop\tools\Java\jdk1.8.0_131\jre\lib\rt.jar;D:\develop\tools\Java\jdk1.8.0_131\jre\lib\sunrsasign.jar;D:\develop\tools\Java\jdk1.8.0_131\jre\lib\jsse.jar;D:\develop\tools\Java\jdk1.8.0_131\jre\lib\jce.jar;D:\develop\tools\Java\jdk1.8.0_131\jre\lib\charsets.jar;D:\develop\tools\Java\jdk1.8.0_131\jre\lib\jfr.jar;D:\develop\tools\Java\jdk1.8.0_131\jre\classes"/>
    <property name="user.script" value=""/>
    <property name="sun.management.compiler" value="HotSpot 64-Bit Tiered Compilers"/>
    <property name="java.runtime.version" value="1.8.0_131-b11"/>
    <property name="user.name" value="20466"/>
    <property name="path.separator" value=";"/>
    <property name="os.version" value="10.0"/>
    <property name="java.endorsed.dirs" value="D:\develop\tools\Java\jdk1.8.0_131\jre\lib\endorsed"/>
    <property name="java.runtime.name" value="Java(TM) SE Runtime Environment"/>
    <property name="file.encoding" value="GBK"/>
    <property name="java.vm.name" value="Java HotSpot(TM) 64-Bit Server VM"/>
    <property name="localRepository" value="D:\develop\tools\apache-maven-3.9.6\repository"/>
    <property name="java.vendor.url.bug" value="http://bugreport.sun.com/bugreport/"/>
    <property name="java.io.tmpdir" value="C:\Users\20466\AppData\Local\Temp\"/>
    <property name="idea.version" value="2023.3.4"/>
    <property name="java.version" value="1.8.0_131"/>
    <property name="user.dir" value="D:\develop\idea_workspace\r-pan\framework\schedule"/>
    <property name="os.arch" value="amd64"/>
    <property name="java.vm.specification.name" value="Java Virtual Machine Specification"/>
    <property name="java.awt.printerjob" value="sun.awt.windows.WPrinterJob"/>
    <property name="sun.os.patch.level" value=""/>
    <property name="java.library.path" value="D:\develop\tools\Java\jdk1.8.0_131\jre\bin;C:\WINDOWS\Sun\Java\bin;C:\WINDOWS\system32;C:\WINDOWS;D:\develop\tools\Java\jdk1.8.0_131\bin;D:\develop\tools\Java\jdk1.8.0_131\jre\bin;D:\develop\tools\apache-maven-3.9.6\bin;C:\Program Files\Common Files\Oracle\Java\javapath;C:\ProgramData\Oracle\Java\javapath;C:\WINDOWS\system32;C:\WINDOWS;C:\WINDOWS\System32\Wbem;C:\WINDOWS\System32\WindowsPowerShell\v1.0\;C:\WINDOWS\System32\OpenSSH\;D:\develop\tools\nodejs\node_global\node_modules;%CATALINA_HOME%\bin;%CATALINA_HOME%\lib;D:\develop\tools\nodejs\node_global\node_modules;D:\develop\tools\Git\cmd;D:\develop\tools\Xshell 7\;D:\develop\tools\Xftp 7\;D:\develop\tools\yarn\bin\;%JMETER_HOME%\lib\ext\ApacheJMeter_core.jar;%JMETER_HOME%\lib\jorphan.jar;D:\develop\tools\nodejs\node_global\node_modules;D:\develop\tools\nodejs\;D:\develop\tools\微信web开发者工具\dll;D:\develop\tools\ffmpeg\bin;D:\develop\tools\apache-jmeter-5.6.3\bin;C:\Program Files\MySQL\MySQL Server 8.0\bin;C:\Users\20466\AppData\Local\Microsoft\WindowsApps;D:\develop\tools\nodejs\node_global;C:\Users\20466\AppData\Roaming\npm;D:\develop\tools\cpolar\;D:\develop\tools\Microsoft VS Code\bin;C:\Users\20466\AppData\Local\GitHubDesktop\bin;."/>
    <property name="java.vm.info" value="mixed mode"/>
    <property name="java.vendor" value="Oracle Corporation"/>
    <property name="java.vm.version" value="25.131-b11"/>
    <property name="java.ext.dirs" value="D:\develop\tools\Java\jdk1.8.0_131\jre\lib\ext;C:\WINDOWS\Sun\Java\lib\ext"/>
    <property name="sun.io.unicode.encoding" value="UnicodeLittle"/>
    <property name="maven.repo.local" value="D:\develop\tools\apache-maven-3.9.6\repository"/>
    <property name="java.class.version" value="52.0"/>
  </properties>
  <testcase name="testRunScheduleTask" classname="com.imooc.pan.schedule.test.ScheduleTashTest" time="20.881"/>
</testsuite>